number,value,datetime_start,datetime_complete,duration,params_colsample_bytree,params_learning_rate,params_max_depth,params_n_estimators,params_subsample,state
0,0.8082674199623352,2025-12-06 16:14:41.655365,2025-12-06 16:14:44.983609,0 days 00:00:03.328244,0.7651730565647415,0.29454867721501876,6,135,0.646838227314102,COMPLETE
1,0.8093973634651602,2025-12-06 16:14:44.983688,2025-12-06 16:14:48.999479,0 days 00:00:04.015791,0.8739944037444503,0.26396083735995174,10,224,0.6519632659240674,COMPLETE
2,0.8273634651600753,2025-12-06 16:14:48.999567,2025-12-06 16:14:51.274375,0 days 00:00:02.274808,0.6467742734395807,0.024803470072535312,9,131,0.9584214610947918,COMPLETE
3,0.8239736346516007,2025-12-06 16:14:51.274466,2025-12-06 16:14:53.192571,0 days 00:00:01.918105,0.6917311826221544,0.07108621003190829,3,211,0.7467696300240425,COMPLETE
4,0.827306967984934,2025-12-06 16:14:53.192652,2025-12-06 16:14:54.827223,0 days 00:00:01.634571,0.5392585590791028,0.21767801041029855,3,181,0.6400884811332281,COMPLETE
5,0.8138229755178907,2025-12-06 16:14:54.827302,2025-12-06 16:14:55.962815,0 days 00:00:01.135513,0.7312062468025045,0.2896947959056716,10,54,0.5012265061600071,COMPLETE
6,0.8104708097928436,2025-12-06 16:14:55.962900,2025-12-06 16:14:59.127432,0 days 00:00:03.164532,0.8202403530164639,0.24310730402032454,9,205,0.7441021905593845,COMPLETE
7,0.8081732580037665,2025-12-06 16:14:59.127514,2025-12-06 16:15:01.830110,0 days 00:00:02.702596,0.5913588381504586,0.22407151244290158,9,146,0.5832196771203251,COMPLETE
8,0.8284369114877589,2025-12-06 16:15:01.830190,2025-12-06 16:15:03.878789,0 days 00:00:02.048599,0.8038482343702513,0.050757233791134386,3,234,0.9369532395962457,COMPLETE
9,0.8183050847457628,2025-12-06 16:15:03.878871,2025-12-06 16:15:07.383771,0 days 00:00:03.504900,0.8274522515720393,0.1695753296473638,6,244,0.6699953078946155,COMPLETE
10,0.8138041431261769,2025-12-06 16:15:07.383856,2025-12-06 16:15:10.256799,0 days 00:00:02.872943,0.9806501801594051,0.10453067531239038,4,290,0.9620801664362372,COMPLETE
11,0.826195856873823,2025-12-06 16:15:10.256882,2025-12-06 16:15:11.791852,0 days 00:00:01.534970,0.6509741869069644,0.01498556367163777,7,91,0.9693310308657566,COMPLETE
12,0.8284934086629003,2025-12-06 16:15:11.791932,2025-12-06 16:15:15.980433,0 days 00:00:04.188501,0.6285270761178229,0.012180721103740954,7,272,0.8877427881661604,COMPLETE
13,0.8172128060263654,2025-12-06 16:15:15.980514,2025-12-06 16:15:19.414839,0 days 00:00:03.434325,0.5269126692965657,0.07771260293692239,5,285,0.8653361566961457,COMPLETE
14,0.8104708097928437,2025-12-06 16:15:19.414936,2025-12-06 16:15:23.117946,0 days 00:00:03.703010,0.9272623929068634,0.12725258190161692,7,257,0.8686173599591533,COMPLETE
15,0.8194350282485876,2025-12-06 16:15:23.118039,2025-12-06 16:15:27.127688,0 days 00:00:04.009649,0.7678581630089553,0.04762248727358608,8,268,0.8603317201756969,COMPLETE
16,0.8205461393596987,2025-12-06 16:15:27.127769,2025-12-06 16:15:29.921233,0 days 00:00:02.793464,0.6141215318287184,0.17129942684212893,5,239,0.8080461074841354,COMPLETE
17,0.8295480225988702,2025-12-06 16:15:29.921317,2025-12-06 16:15:32.238839,0 days 00:00:02.317522,0.7032043630662881,0.05544863400904149,5,183,0.910279892276128,COMPLETE
18,0.8194161958568739,2025-12-06 16:15:32.238930,2025-12-06 16:15:34.271438,0 days 00:00:02.032508,0.7089855209890112,0.1259331212766293,5,164,0.8093484197621964,COMPLETE
19,0.8160640301318267,2025-12-06 16:15:34.271522,2025-12-06 16:15:35.952421,0 days 00:00:01.680899,0.5693131034390254,0.094872379694243,8,104,0.9106274030291155,COMPLETE
20,0.8205649717514124,2025-12-06 16:15:35.952501,2025-12-06 16:15:38.160262,0 days 00:00:02.207761,0.500553908078931,0.04576529220654405,4,184,0.805463351721533,COMPLETE
21,0.8216572504708098,2025-12-06 16:15:38.160345,2025-12-06 16:15:40.374497,0 days 00:00:02.214152,0.6711468138352212,0.05646356671826775,4,202,0.9217454244743899,COMPLETE
22,0.8307721280602637,2025-12-06 16:15:40.374584,2025-12-06 16:15:44.243776,0 days 00:00:03.869192,0.8008059069635505,0.012311930164448542,6,267,0.9959435318663264,COMPLETE
23,0.831939736346516,2025-12-06 16:15:44.243858,2025-12-06 16:15:48.559315,0 days 00:00:04.315457,0.8965614333853501,0.01532416256124273,6,297,0.9991339110140828,COMPLETE
24,0.827325800376648,2025-12-06 16:15:48.559421,2025-12-06 16:15:52.652567,0 days 00:00:04.093146,0.9034663746314968,0.028271032473089902,6,300,0.9934668375392963,COMPLETE
25,0.8227683615819209,2025-12-06 16:15:52.652653,2025-12-06 16:15:55.614953,0 days 00:00:02.962300,0.862898497224516,0.07885944519024046,5,256,0.9968426503313316,COMPLETE
26,0.8261770244821093,2025-12-06 16:15:55.615034,2025-12-06 16:15:59.372130,0 days 00:00:03.757096,0.9383338861495857,0.033382398197821905,6,277,0.9981389046627749,COMPLETE
27,0.8205461393596988,2025-12-06 16:15:59.372216,2025-12-06 16:16:02.812753,0 days 00:00:03.440537,0.7918633645119949,0.11134957249048802,5,300,0.9216554960472936,COMPLETE
28,0.8273822975517892,2025-12-06 16:16:02.812837,2025-12-06 16:16:05.514463,0 days 00:00:02.701626,0.8522534909486997,0.014143735260931805,7,162,0.8283434119882184,COMPLETE
29,0.823954802259887,2025-12-06 16:16:05.514545,2025-12-06 16:16:08.930774,0 days 00:00:03.416229,0.7485144578644461,0.06380424936929847,6,253,0.951249620993514,COMPLETE
30,0.8182862523540491,2025-12-06 16:16:08.930857,2025-12-06 16:16:11.119351,0 days 00:00:02.188494,0.9716064369853898,0.14585241622559558,8,134,0.9002912810459949,COMPLETE
31,0.8285310734463277,2025-12-06 16:16:11.119432,2025-12-06 16:16:15.319306,0 days 00:00:04.199874,0.6971888550928977,0.010108492023545051,7,276,0.8985202096593212,COMPLETE
32,0.8296045197740113,2025-12-06 16:16:15.319399,2025-12-06 16:16:18.400048,0 days 00:00:03.080649,0.7699864159584373,0.03641517322687144,6,223,0.969187511289974,COMPLETE
33,0.8240112994350284,2025-12-06 16:16:18.400131,2025-12-06 16:16:21.406903,0 days 00:00:03.006772,0.7733605798066894,0.04103813109647622,6,225,0.9722855574354884,COMPLETE
34,0.8272504708097929,2025-12-06 16:16:21.406984,2025-12-06 16:16:24.233836,0 days 00:00:02.826852,0.8920321436770078,0.085788552695889,6,219,0.9419295312040669,COMPLETE
35,0.81954802259887,2025-12-06 16:16:24.233919,2025-12-06 16:16:26.348090,0 days 00:00:02.114171,0.7230097417395069,0.03158106016399154,4,195,0.9764072539374778,COMPLETE
36,0.8216949152542373,2025-12-06 16:16:26.348293,2025-12-06 16:16:29.040362,0 days 00:00:02.692069,0.8426873063424736,0.06281251622920811,5,224,0.9350670729009606,COMPLETE
37,0.8374764595103578,2025-12-06 16:16:29.040497,2025-12-06 16:16:31.725920,0 days 00:00:02.685423,0.7450774565364854,0.02439846326780136,6,185,0.8375304831841792,COMPLETE
38,0.8340677966101695,2025-12-06 16:16:31.726015,2025-12-06 16:16:35.627718,0 days 00:00:03.901703,0.7397711663715822,0.030767532570024583,7,264,0.706882990938653,COMPLETE
39,0.8228060263653485,2025-12-06 16:16:35.627801,2025-12-06 16:16:39.749168,0 days 00:00:04.121367,0.7407858120565065,0.02883538968783215,8,265,0.7075233706816226,COMPLETE
40,0.8148399246704331,2025-12-06 16:16:39.749255,2025-12-06 16:16:41.517996,0 days 00:00:01.768741,0.671221582164189,0.19878712546412103,7,116,0.7732833659881628,COMPLETE
41,0.8285122410546141,2025-12-06 16:16:41.518088,2025-12-06 16:16:44.933597,0 days 00:00:03.415509,0.7973411810891575,0.024642512783058523,6,243,0.6003556092115114,COMPLETE
42,0.8239359698681732,2025-12-06 16:16:44.933681,2025-12-06 16:16:49.455058,0 days 00:00:04.521377,0.773489350600178,0.040748777254934226,6,287,0.7159280639113096,COMPLETE
43,0.8160640301318268,2025-12-06 16:16:49.455143,2025-12-06 16:16:53.714417,0 days 00:00:04.259274,0.8168320679256394,0.0694501765361452,7,211,0.6716762783718753,COMPLETE
44,0.8364030131826741,2025-12-06 16:16:53.714503,2025-12-06 16:16:57.810502,0 days 00:00:04.095999,0.7302914695822523,0.02209822936878839,6,232,0.7185885655087211,COMPLETE
45,0.8274764595103578,2025-12-06 16:16:57.810589,2025-12-06 16:17:02.258220,0 days 00:00:04.447631,0.7276622721507007,0.02104704092383767,7,256,0.7686524403533733,COMPLETE
46,0.8262523540489642,2025-12-06 16:17:02.258306,2025-12-06 16:17:07.042769,0 days 00:00:04.784463,0.6783893673943346,0.010176155757832697,6,286,0.623845456600737,COMPLETE
47,0.8216949152542373,2025-12-06 16:17:07.042849,2025-12-06 16:17:10.694320,0 days 00:00:03.651471,0.882842531647735,0.047040937903392505,8,235,0.7240712133377021,COMPLETE
48,0.8308286252354049,2025-12-06 16:17:10.694406,2025-12-06 16:17:12.917519,0 days 00:00:02.223113,0.836886287945711,0.02189451898788041,10,146,0.6900224084228455,COMPLETE
49,0.8025988700564972,2025-12-06 16:17:12.917619,2025-12-06 16:17:15.380125,0 days 00:00:02.462506,0.9125092242945053,0.2996195553384992,10,150,0.6911832161059989,COMPLETE
50,0.8240112994350282,2025-12-06 16:17:15.380203,2025-12-06 16:17:16.612249,0 days 00:00:01.232046,0.8306953385282358,0.0915730368713604,9,61,0.5417303576876915,COMPLETE
51,0.8307909604519774,2025-12-06 16:17:16.612330,2025-12-06 16:17:18.767289,0 days 00:00:02.154959,0.7936873904370115,0.021619579977185686,10,145,0.7414717172098856,COMPLETE
52,0.8115819209039548,2025-12-06 16:17:18.767378,2025-12-06 16:17:21.204626,0 days 00:00:02.437248,0.7553827847461546,0.27541017795477496,10,146,0.7417368288145317,COMPLETE
53,0.8330320150659134,2025-12-06 16:17:21.204704,2025-12-06 16:17:23.212205,0 days 00:00:02.007501,0.8677354233459802,0.026164304894709278,10,122,0.6488728317930311,COMPLETE
54,0.8329755178907722,2025-12-06 16:17:23.212287,2025-12-06 16:17:25.284112,0 days 00:00:02.071825,0.9416368209888129,0.050415353653995465,10,123,0.6455167483646052,COMPLETE
55,0.82969868173258,2025-12-06 16:17:25.284200,2025-12-06 16:17:27.275220,0 days 00:00:01.991020,0.9617900237479518,0.05075460761118143,9,117,0.6427421500225825,COMPLETE
56,0.8285310734463276,2025-12-06 16:17:27.275320,2025-12-06 16:17:29.005038,0 days 00:00:01.729718,0.9966996773653918,0.06020991231123565,10,79,0.6247386401919912,COMPLETE
57,0.82969868173258,2025-12-06 16:17:29.005138,2025-12-06 16:17:31.326328,0 days 00:00:02.321190,0.9247382622920048,0.0392206662720216,9,116,0.6605743659359166,COMPLETE
58,0.8262146892655368,2025-12-06 16:17:31.326415,2025-12-06 16:17:33.310887,0 days 00:00:01.984472,0.9455769812665265,0.07516574506702797,9,90,0.5799220160691861,COMPLETE
59,0.8251035781544257,2025-12-06 16:17:33.310972,2025-12-06 16:17:36.630053,0 days 00:00:03.319081,0.6413572237564465,0.03226688075256036,9,171,0.6862079526587255,COMPLETE
60,0.8339736346516007,2025-12-06 16:17:36.630170,2025-12-06 16:17:38.521964,0 days 00:00:01.891794,0.8703539105444674,0.05210942210946062,3,126,0.6172293287118497,COMPLETE
61,0.8250659133709982,2025-12-06 16:17:38.522051,2025-12-06 16:17:39.997687,0 days 00:00:01.475636,0.8674447063006205,0.0540472486836437,3,126,0.6094939123742,COMPLETE
62,0.8318267419962335,2025-12-06 16:17:39.997770,2025-12-06 16:17:41.597841,0 days 00:00:01.600071,0.908121515049604,0.02217698047041786,4,101,0.555774558438459,COMPLETE
63,0.8341242937853107,2025-12-06 16:17:41.597923,2025-12-06 16:17:43.372839,0 days 00:00:01.774916,0.9532009704199405,0.04526180621014006,5,124,0.6600957913170483,COMPLETE
64,0.8205649717514125,2025-12-06 16:17:43.372921,2025-12-06 16:17:44.535614,0 days 00:00:01.162693,0.9495077494163265,0.1038991166827944,3,126,0.6524645378432882,COMPLETE
65,0.819472693032015,2025-12-06 16:17:44.535714,2025-12-06 16:17:45.954218,0 days 00:00:01.418504,0.7140513907288385,0.24091689000295594,5,104,0.6320546665162777,COMPLETE
66,0.8250470809792844,2025-12-06 16:17:45.954334,2025-12-06 16:17:47.122323,0 days 00:00:01.167989,0.9880493391179624,0.04535121786286533,3,125,0.6765507349810201,COMPLETE
67,0.8306591337099811,2025-12-06 16:17:47.122402,2025-12-06 16:17:49.185602,0 days 00:00:02.063200,0.6885439348816902,0.07145503643549178,4,189,0.7011908816724044,COMPLETE
68,0.8239736346516008,2025-12-06 16:17:49.185682,2025-12-06 16:17:51.121281,0 days 00:00:01.935599,0.9654967207143977,0.05538361660751251,5,137,0.77216411971169,COMPLETE
69,0.8307344632768362,2025-12-06 16:17:51.121380,2025-12-06 16:17:52.091764,0 days 00:00:00.970384,0.9206114982990847,0.08417365132315455,4,79,0.6579136015543279,COMPLETE
70,0.8363841807909604,2025-12-06 16:17:52.091850,2025-12-06 16:17:54.023930,0 days 00:00:01.932080,0.750621851912913,0.03596053852070889,8,106,0.7283427328290059,COMPLETE
71,0.8318832391713747,2025-12-06 16:17:54.024010,2025-12-06 16:17:56.604789,0 days 00:00:02.580779,0.7399143591122168,0.03579910118651067,8,156,0.7192735207398319,COMPLETE
72,0.8284745762711865,2025-12-06 16:17:56.604874,2025-12-06 16:17:58.422266,0 days 00:00:01.817392,0.7849983495007926,0.06409040278561073,7,111,0.7581869379372385,COMPLETE
73,0.8319209039548023,2025-12-06 16:17:58.422349,2025-12-06 16:18:00.467321,0 days 00:00:02.044972,0.7606552205376625,0.04331192715998519,7,94,0.727364280671912,COMPLETE
74,0.8274199623352165,2025-12-06 16:18:00.467403,2025-12-06 16:18:02.642241,0 days 00:00:02.174838,0.80929634068383,0.029296397895065707,10,138,0.7901061273016649,COMPLETE
75,0.8296610169491526,2025-12-06 16:18:02.642324,2025-12-06 16:18:04.355052,0 days 00:00:01.712728,0.855015364442818,0.04953597189224584,8,97,0.8382923899260691,COMPLETE
76,0.8060263653483993,2025-12-06 16:18:04.355133,2025-12-06 16:18:06.514246,0 days 00:00:02.159113,0.735616474789104,0.18953080847071896,5,175,0.6409483344710314,COMPLETE
77,0.8319020715630886,2025-12-06 16:18:06.514341,2025-12-06 16:18:08.416503,0 days 00:00:01.902162,0.8809909765853817,0.03801041607125629,7,112,0.6140896509610584,COMPLETE
78,0.825160075329567,2025-12-06 16:18:08.416583,2025-12-06 16:18:10.635620,0 days 00:00:02.219037,0.5995610799062865,0.01987911711762935,9,130,0.5807746369971535,COMPLETE
79,0.8307909604519774,2025-12-06 16:18:10.635705,2025-12-06 16:18:11.931259,0 days 00:00:01.295554,0.9340354175825435,0.06512051307705084,6,81,0.5949440309866323,COMPLETE
80,0.8318455743879473,2025-12-06 16:18:11.931351,2025-12-06 16:18:14.032200,0 days 00:00:02.100849,0.7131483602689346,0.028703527453578723,10,122,0.6744053259908231,COMPLETE
81,0.8319020715630886,2025-12-06 16:18:14.032281,2025-12-06 16:18:18.228752,0 days 00:00:04.196471,0.8963223603991247,0.01435218358100006,6,295,0.6585834075041868,COMPLETE
82,0.8308474576271186,2025-12-06 16:18:18.228848,2025-12-06 16:18:22.461393,0 days 00:00:04.232545,0.9585298487555693,0.018871010861060022,6,281,0.7075762099636491,COMPLETE
83,0.8206403013182674,2025-12-06 16:18:22.461494,2025-12-06 16:18:26.484512,0 days 00:00:04.023018,0.8776367323484595,0.03418435679101815,5,264,0.6992066185123389,COMPLETE
84,0.8048210922787195,2025-12-06 16:18:26.484595,2025-12-06 16:18:30.864918,0 days 00:00:04.380323,0.8945586773638978,0.15238343790335326,6,249,0.7341209148107298,COMPLETE
85,0.8363653483992466,2025-12-06 16:18:30.865012,2025-12-06 16:18:34.184665,0 days 00:00:03.319653,0.659631786074858,0.025951392264707534,7,205,0.7881018661287993,COMPLETE
86,0.8217137476459512,2025-12-06 16:18:34.184751,2025-12-06 16:18:37.302709,0 days 00:00:03.117958,0.561163948912589,0.054972169994307526,7,202,0.827958219618331,COMPLETE
87,0.8070998116760827,2025-12-06 16:18:37.302789,2025-12-06 16:18:40.108042,0 days 00:00:02.805253,0.6323261490261678,0.13340927998518756,7,192,0.7913967715895514,COMPLETE
88,0.8239359698681732,2025-12-06 16:18:40.108124,2025-12-06 16:18:43.323449,0 days 00:00:03.215325,0.6566056814877287,0.042608964267793856,8,213,0.7549376612102197,COMPLETE
89,0.8329943502824858,2025-12-06 16:18:43.323545,2025-12-06 16:18:46.851209,0 days 00:00:03.527664,0.6910542862288552,0.02765381248645225,7,233,0.8501554233582346,COMPLETE
90,0.826271186440678,2025-12-06 16:18:46.851291,2025-12-06 16:18:50.332871,0 days 00:00:03.481580,0.6897385455314052,0.026505502126955093,7,230,0.8736843436572317,COMPLETE
91,0.8273634651600754,2025-12-06 16:18:50.332950,2025-12-06 16:18:52.599119,0 days 00:00:02.266169,0.6593493991750629,0.016706798850895703,7,109,0.8499517009216396,COMPLETE
92,0.8284934086629002,2025-12-06 16:18:52.599211,2025-12-06 16:18:56.129567,0 days 00:00:03.530356,0.7469324636042709,0.010069761357876185,8,211,0.8162365483918899,COMPLETE
93,0.8239359698681734,2025-12-06 16:18:56.129649,2025-12-06 16:18:59.961778,0 days 00:00:03.832129,0.7833819805481124,0.03531137811052539,8,245,0.8488736603136056,COMPLETE
94,0.8296610169491526,2025-12-06 16:18:59.961861,2025-12-06 16:19:03.046792,0 days 00:00:03.084931,0.7239111681465189,0.027622306069917932,7,181,0.7823854825725491,COMPLETE
95,0.8295668549905837,2025-12-06 16:19:03.046874,2025-12-06 16:19:06.437809,0 days 00:00:03.390935,0.7007911698545894,0.04747879045483929,6,199,0.6830783325763139,COMPLETE
96,0.827382297551789,2025-12-06 16:19:06.437910,2025-12-06 16:19:08.924327,0 days 00:00:02.486417,0.6747404783184515,0.05840593209415809,7,162,0.8778183435030202,COMPLETE
97,0.8285310734463278,2025-12-06 16:19:08.924407,2025-12-06 16:19:12.332031,0 days 00:00:03.407624,0.7191643679427385,0.024414278928118562,9,218,0.6290583020481042,COMPLETE
98,0.8216760828625238,2025-12-06 16:19:12.332112,2025-12-06 16:19:15.963229,0 days 00:00:03.631117,0.9792508052881131,0.04127958799131885,10,229,0.7995359545125353,COMPLETE
99,0.8262335216572505,2025-12-06 16:19:15.963349,2025-12-06 16:19:17.819154,0 days 00:00:01.855805,0.6120380229549415,0.032969164039532164,7,120,0.6662180872273619,COMPLETE
100,0.8239548022598872,2025-12-06 16:19:17.819234,2025-12-06 16:19:21.084663,0 days 00:00:03.265429,0.7057830604564356,0.0515602423199539,6,237,0.6502478976941657,COMPLETE
101,0.8330320150659134,2025-12-06 16:19:21.084744,2025-12-06 16:19:24.997397,0 days 00:00:03.912653,0.9148879907912693,0.014798884769130348,6,271,0.7326211024570223,COMPLETE
102,0.8307909604519774,2025-12-06 16:19:24.997479,2025-12-06 16:19:28.695520,0 days 00:00:03.698041,0.9153401195647668,0.019831854632146605,6,273,0.7493223413171569,COMPLETE
103,0.8307721280602637,2025-12-06 16:19:28.695603,2025-12-06 16:19:32.544114,0 days 00:00:03.848511,0.9478898685038013,0.014562023372019832,6,260,0.7119916154620983,COMPLETE
104,0.8285310734463276,2025-12-06 16:19:32.544196,2025-12-06 16:19:34.804115,0 days 00:00:02.259919,0.7322539903563284,0.02544484297662239,5,168,0.7292373059293155,COMPLETE
105,0.8285875706214689,2025-12-06 16:19:34.804194,2025-12-06 16:19:37.059492,0 days 00:00:02.255298,0.9383125197929397,0.0395361768325306,7,139,0.7623999568787304,COMPLETE
106,0.8228060263653484,2025-12-06 16:19:37.059573,2025-12-06 16:19:38.299694,0 days 00:00:01.240121,0.6833340930090047,0.031978399430325585,3,132,0.6139371610538576,COMPLETE
107,0.8307532956685499,2025-12-06 16:19:38.299779,2025-12-06 16:19:41.342570,0 days 00:00:03.042791,0.755888137945489,0.04524498757179643,7,186,0.6995540452151452,COMPLETE
108,0.8228436911487759,2025-12-06 16:19:41.342658,2025-12-06 16:19:43.325919,0 days 00:00:01.983261,0.8498834641379139,0.07021047757092432,5,155,0.7358457657697126,COMPLETE
109,0.8284369114877591,2025-12-06 16:19:43.326012,2025-12-06 16:19:46.717737,0 days 00:00:03.391725,0.6619943096551087,0.03642760048814074,6,242,0.6339355465585891,COMPLETE
110,0.8351600753295668,2025-12-06 16:19:46.717817,2025-12-06 16:19:48.194928,0 days 00:00:01.477111,0.928155072022478,0.01686748832552471,10,87,0.7179312091511774,COMPLETE
111,0.8306779661016949,2025-12-06 16:19:48.195009,2025-12-06 16:19:49.679946,0 days 00:00:01.484937,0.9085238257986932,0.01640355879383612,10,86,0.8199214296312153,COMPLETE
112,0.8295480225988701,2025-12-06 16:19:49.680106,2025-12-06 16:19:50.682469,0 days 00:00:01.002363,0.9249443279315783,0.022080871002093275,10,57,0.7476797325717667,COMPLETE
113,0.8386252354048964,2025-12-06 16:19:50.682547,2025-12-06 16:19:52.553095,0 days 00:00:01.870548,0.9761997137727322,0.029153365925635537,10,107,0.722611731532034,COMPLETE
114,0.8250470809792845,2025-12-06 16:19:52.553177,2025-12-06 16:19:53.766685,0 days 00:00:01.213508,0.9598396226071702,0.010779241679613142,10,74,0.7132829602481963,COMPLETE
115,0.8364030131826741,2025-12-06 16:19:53.766775,2025-12-06 16:19:55.653398,0 days 00:00:01.886623,0.9887855758343347,0.027551908295509544,9,105,0.6940630406602913,COMPLETE
116,0.8295856873822974,2025-12-06 16:19:55.653478,2025-12-06 16:19:57.552776,0 days 00:00:01.899298,0.9909332302777948,0.016741472254283084,9,117,0.7210296120515884,COMPLETE
117,0.8318644067796609,2025-12-06 16:19:57.552856,2025-12-06 16:19:59.301686,0 days 00:00:01.748830,0.9873688125112581,0.024198567764920006,9,99,0.6905527755799685,COMPLETE
118,0.8330885122410546,2025-12-06 16:19:59.301763,2025-12-06 16:20:01.103726,0 days 00:00:01.801963,0.9745329902265344,0.03413254953810906,10,103,0.6800599889245004,COMPLETE
119,0.8397928436911488,2025-12-06 16:20:01.103806,2025-12-06 16:20:02.797756,0 days 00:00:01.693950,0.9743241667609079,0.03226577216403568,10,106,0.6995042329219314,COMPLETE
120,0.8353107344632769,2025-12-06 16:20:02.797842,2025-12-06 16:20:04.625961,0 days 00:00:01.828119,0.9689256175336013,0.038929373676486134,10,106,0.6812783850840185,COMPLETE
121,0.8285687382297551,2025-12-06 16:20:04.626046,2025-12-06 16:20:06.302640,0 days 00:00:01.676594,0.9721540023806616,0.040807879422296564,10,103,0.7003473634142832,COMPLETE
122,0.8307721280602637,2025-12-06 16:20:06.302731,2025-12-06 16:20:07.712381,0 days 00:00:01.409650,0.9993051793789225,0.03262336288046651,10,69,0.6803608715658529,COMPLETE
123,0.8274199623352165,2025-12-06 16:20:07.712527,2025-12-06 16:20:09.459611,0 days 00:00:01.747084,0.9745456990856329,0.04552791663420995,10,108,0.6892623247966124,COMPLETE
124,0.8352919020715632,2025-12-06 16:20:09.459696,2025-12-06 16:20:11.121033,0 days 00:00:01.661337,0.96567220218373,0.03595706390550238,10,85,0.6665072232439595,COMPLETE
125,0.8352730696798495,2025-12-06 16:20:11.121123,2025-12-06 16:20:12.645143,0 days 00:00:01.524020,0.9562125781342908,0.051114559491507575,10,92,0.6671686484946321,COMPLETE
