number,value,datetime_start,datetime_complete,duration,params_colsample_bytree,params_gamma,params_learning_rate,params_max_depth,params_n_estimators,params_subsample,state
113,0.8338794726930321,2025-11-22 18:22:45.879384,2025-11-22 18:23:14.262365,0 days 00:00:28.382981,0.9520501215287346,0.5074714833052311,0.012778358213168152,5,643,0.6376382709362438,COMPLETE
114,0.8327306967984935,2025-11-22 18:23:14.262565,2025-11-22 18:23:45.012516,0 days 00:00:30.749951,0.9774998266598355,0.7244916505438509,0.010654945542846296,5,724,0.6564187251023893,COMPLETE
115,0.828210922787194,2025-11-22 18:23:45.012616,2025-11-22 18:24:08.792850,0 days 00:00:23.780234,0.9407515635444332,0.16233212429937993,0.011803272028477007,4,675,0.6446197866065739,COMPLETE
116,0.8348964218455742,2025-11-22 18:24:08.792976,2025-11-22 18:24:32.703488,0 days 00:00:23.910512,0.6090289176071987,0.3360601129227862,0.013588190810411646,5,607,0.6674741810224664,COMPLETE
117,0.8338606403013181,2025-11-22 18:24:32.703616,2025-11-22 18:24:58.414364,0 days 00:00:25.710748,0.9665802658863237,0.08101056961764697,0.0108143197076949,5,582,0.614295323677327,COMPLETE
118,0.8203766478342749,2025-11-22 18:24:58.414565,2025-11-22 18:25:03.532737,0 days 00:00:05.118172,0.8924914214212192,4.7288346297013755,0.2088838196444374,6,332,0.6326741825750785,COMPLETE
119,0.83045197740113,2025-11-22 18:25:03.533037,2025-11-22 18:25:17.709699,0 days 00:00:14.176662,0.9057597063954717,0.581387019271925,0.015177139282400519,4,411,0.6275182882861989,COMPLETE
120,0.8372128060263654,2025-11-22 18:25:17.709854,2025-11-22 18:25:47.910179,0 days 00:00:30.200325,0.9231678346064089,0.0026646114593922854,0.012405708281775455,5,705,0.9681750669408122,COMPLETE
121,0.8372128060263654,2025-11-22 18:25:47.910351,2025-11-22 18:26:18.255370,0 days 00:00:30.345019,0.9239561202619929,0.22611574448334426,0.011588556760620906,5,710,0.914075839427628,COMPLETE
122,0.837231638418079,2025-11-22 18:26:18.255455,2025-11-22 18:26:48.614097,0 days 00:00:30.358642,0.9228251991841938,0.22746059479043051,0.012407747514453612,5,709,0.9168106893337783,COMPLETE
123,0.8394538606403011,2025-11-22 18:26:48.614179,2025-11-22 18:27:17.863622,0 days 00:00:29.249443,0.9253424442501319,0.2065917234592779,0.012481030441765786,5,692,0.9307439251102823,COMPLETE
124,0.8416949152542373,2025-11-22 18:27:17.863807,2025-11-22 18:27:48.590117,0 days 00:00:30.726310,0.9192434495494733,5.216485524556225e-05,0.013010172035633904,5,709,0.9630092448388305,COMPLETE
125,0.8360640301318268,2025-11-22 18:27:48.590248,2025-11-22 18:28:18.293414,0 days 00:00:29.703166,0.9244108649093654,0.0029444525948196243,0.014319964599907755,5,700,0.9705341419155573,COMPLETE
126,0.8349717514124293,2025-11-22 18:28:18.293575,2025-11-22 18:28:48.531590,0 days 00:00:30.238015,0.920570358902401,0.1817728953633932,0.015984218058069415,5,719,0.9364958925101645,COMPLETE
127,0.8361205273069678,2025-11-22 18:28:48.531683,2025-11-22 18:29:18.440934,0 days 00:00:29.909251,0.9146948825988889,0.11707716464852769,0.012668485401799918,5,708,0.9217754104948418,COMPLETE
128,0.8372504708097928,2025-11-22 18:29:18.441104,2025-11-22 18:29:50.098550,0 days 00:00:31.657446,0.9296279065071593,0.11666961841106,0.01304840749325662,5,732,0.8958981491747835,COMPLETE
129,0.8372128060263653,2025-11-22 18:29:50.098655,2025-11-22 18:30:24.487124,0 days 00:00:34.388469,0.9343216040753415,0.07973945394531758,0.013530823487587522,5,759,0.9015735846537597,COMPLETE
130,0.837231638418079,2025-11-22 18:30:24.487253,2025-11-22 18:30:58.267025,0 days 00:00:33.779772,0.9390790103574669,0.01979726073912475,0.013626799729158482,5,784,0.9003022127270585,COMPLETE
131,0.836120527306968,2025-11-22 18:30:58.267106,2025-11-22 18:31:32.043856,0 days 00:00:33.776750,0.932032633473316,0.01244424316476038,0.013809889125630814,5,763,0.8994753131211174,COMPLETE
132,0.8360828625235404,2025-11-22 18:31:32.044009,2025-11-22 18:32:04.854834,0 days 00:00:32.810825,0.9376771479478124,0.10316797505203196,0.015428649419548997,5,774,0.901661672184343,COMPLETE
133,0.8360828625235405,2025-11-22 18:32:04.854965,2025-11-22 18:32:37.107315,0 days 00:00:32.252350,0.9279906060368334,0.003217939911108785,0.013331572778301085,5,744,0.9557627918244839,COMPLETE
134,0.8349717514124293,2025-11-22 18:32:37.107452,2025-11-22 18:33:10.616229,0 days 00:00:33.508777,0.9404735294721353,0.25825460707405196,0.014806585387228583,5,758,0.9066916821013706,COMPLETE
135,0.8327306967984932,2025-11-22 18:33:10.616371,2025-11-22 18:33:41.441765,0 days 00:00:30.825394,0.9268814380587223,0.11368953484080974,0.016893236836572078,5,714,0.8879929387987135,COMPLETE
136,0.8294350282485876,2025-11-22 18:33:41.441905,2025-11-22 18:34:20.375103,0 days 00:00:38.933198,0.9591541669079255,0.29375949921659145,0.012146501707225376,6,734,0.9237123114576733,COMPLETE
137,0.8372128060263653,2025-11-22 18:34:20.375193,2025-11-22 18:34:51.485088,0 days 00:00:31.109895,0.9501400904416981,0.41210411391740903,0.011586583603407212,5,732,0.8636377741772946,COMPLETE
138,0.8360828625235405,2025-11-22 18:34:51.485180,2025-11-22 18:35:17.808805,0 days 00:00:26.323625,0.9185594826023545,0.4557652776419327,0.01889699142431575,5,790,0.9490274501721124,COMPLETE
139,0.839472693032015,2025-11-22 18:35:17.808970,2025-11-22 18:35:48.167958,0 days 00:00:30.358988,0.9040634777931665,0.4349825877977282,0.012799993459946651,5,732,0.8509362695477608,COMPLETE
140,0.8360640301318267,2025-11-22 18:35:48.168106,2025-11-22 18:36:17.261501,0 days 00:00:29.093395,0.9009430360476203,0.18343342742926802,0.012945050838991428,5,686,0.9693529408522626,COMPLETE
141,0.839472693032015,2025-11-22 18:36:17.261644,2025-11-22 18:36:47.923096,0 days 00:00:30.661452,0.9331977123975378,0.4059981743518947,0.011834439076140211,5,730,0.8388178062179085,COMPLETE
142,0.8372128060263652,2025-11-22 18:36:47.923221,2025-11-22 18:37:18.251898,0 days 00:00:30.328677,0.9336627177787236,0.3132440482485255,0.014011715274085929,5,717,0.8493873888686968,COMPLETE
143,0.8349529190207156,2025-11-22 18:37:18.252023,2025-11-22 18:37:46.512589,0 days 00:00:28.260566,0.914222012433738,0.4962432686953156,0.012623627127304507,5,702,0.9108208696764007,COMPLETE
144,0.8361205273069678,2025-11-22 18:37:46.512713,2025-11-22 18:38:20.023186,0 days 00:00:33.510473,0.9200454872640002,0.22133247303645393,0.011794600224583285,5,785,0.8894025334332435,COMPLETE
145,0.8360263653483994,2025-11-22 18:38:20.023282,2025-11-22 18:38:51.723362,0 days 00:00:31.700080,0.9041052531229785,0.10129575822014118,0.010958537370272156,5,754,0.9992284179972007,COMPLETE
146,0.8394350282485874,2025-11-22 18:38:51.723514,2025-11-22 18:39:20.206546,0 days 00:00:28.483032,0.7078527001157898,0.35579259174920885,0.01348001960370606,5,730,0.9296982664624267,COMPLETE
147,0.8360828625235405,2025-11-22 18:39:20.206668,2025-11-22 18:39:46.866433,0 days 00:00:26.659765,0.6612134535277862,0.40212342042781224,0.014900655556237227,5,729,0.9283416218952838,COMPLETE
148,0.8326553672316384,2025-11-22 18:39:46.866606,2025-11-22 18:40:09.718380,0 days 00:00:22.851774,0.7126484456093296,0.2862510469313784,0.012436317746973296,4,690,0.9372934768048052,COMPLETE
149,0.8361016949152541,2025-11-22 18:40:09.718484,2025-11-22 18:40:38.662263,0 days 00:00:28.943779,0.924994589178617,0.691530622231594,0.011045184870546683,5,710,0.7911496738540591,COMPLETE
