number,value,datetime_start,datetime_complete,duration,params_colsample_bytree,params_learning_rate,params_max_depth,params_n_estimators,params_subsample,state
126,0.8341807909604521,2025-12-06 16:20:12.645223,2025-12-06 16:20:14.279479,0 days 00:00:01.634256,0.9552406551603119,0.03856623881073203,10,89,0.7184180629480078,COMPLETE
127,0.8240112994350283,2025-12-06 16:20:14.279566,2025-12-06 16:20:15.889668,0 days 00:00:01.610102,0.9538265346699681,0.05785609649180522,10,89,0.6693990171293543,COMPLETE
128,0.8363841807909604,2025-12-06 16:20:15.889772,2025-12-06 16:20:17.422638,0 days 00:00:01.532866,0.9661310022834992,0.03998743500461818,10,94,0.7231142033176421,COMPLETE
129,0.8341619585687383,2025-12-06 16:20:17.422719,2025-12-06 16:20:18.931857,0 days 00:00:01.509138,0.9825916375844063,0.0381137431996692,10,84,0.7433052294477939,COMPLETE
130,0.8352919020715632,2025-12-06 16:20:18.931957,2025-12-06 16:20:20.414719,0 days 00:00:01.482762,0.9661717105086909,0.029691718405895278,10,93,0.7106114685068161,COMPLETE
131,0.8330885122410546,2025-12-06 16:20:20.414799,2025-12-06 16:20:22.075687,0 days 00:00:01.660888,0.9660809147577977,0.030145354257185796,10,94,0.7230470371990045,COMPLETE
132,0.8351600753295668,2025-12-06 16:20:22.075772,2025-12-06 16:20:23.261694,0 days 00:00:01.185922,0.934063533040727,0.01918797008412449,10,72,0.7147595803037511,COMPLETE
133,0.8362900188323917,2025-12-06 16:20:23.261781,2025-12-06 16:20:24.385539,0 days 00:00:01.123758,0.9652278334392413,0.022046577769055085,10,67,0.6985696844168023,COMPLETE
134,0.8330320150659134,2025-12-06 16:20:24.385620,2025-12-06 16:20:26.064027,0 days 00:00:01.678407,0.9660937903620811,0.025152130628567824,10,97,0.6983364035595607,COMPLETE
135,0.8329001883239171,2025-12-06 16:20:26.064110,2025-12-06 16:20:27.244072,0 days 00:00:01.179962,0.978459254121746,0.020946825383839972,9,65,0.7040947579055812,COMPLETE
136,0.8408851224105461,2025-12-06 16:20:27.244171,2025-12-06 16:20:29.185073,0 days 00:00:01.940902,0.9996345163574415,0.027955570733431002,10,107,0.6874263670058296,COMPLETE
137,0.8386252354048964,2025-12-06 16:20:29.185164,2025-12-06 16:20:30.889122,0 days 00:00:01.703958,0.9933681575042778,0.0290439781377175,10,106,0.6722096291580206,COMPLETE
138,0.8341619585687383,2025-12-06 16:20:30.889202,2025-12-06 16:20:32.697120,0 days 00:00:01.807918,0.9983088972298755,0.02981497777858142,10,107,0.6894825556248025,COMPLETE
139,0.8104708097928437,2025-12-06 16:20:32.697199,2025-12-06 16:20:34.450030,0 days 00:00:01.752831,0.989183223891429,0.21213308124615238,9,99,0.6765703332936758,COMPLETE
140,0.8274199623352166,2025-12-06 16:20:34.450112,2025-12-06 16:20:36.268124,0 days 00:00:01.818012,0.9834341853143727,0.04218508580609523,10,111,0.696310473168632,COMPLETE
141,0.8307532956685499,2025-12-06 16:20:36.268205,2025-12-06 16:20:37.976989,0 days 00:00:01.708784,0.966816394904545,0.04823034785471907,10,95,0.6662590207737534,COMPLETE
142,0.8330508474576273,2025-12-06 16:20:37.977079,2025-12-06 16:20:39.385013,0 days 00:00:01.407934,0.9933765795746222,0.03389014116847795,10,78,0.6701611797592769,COMPLETE
143,0.8341996233521658,2025-12-06 16:20:39.385091,2025-12-06 16:20:41.234608,0 days 00:00:01.849517,0.999880481878583,0.02592466059754424,10,106,0.7080310781749107,COMPLETE
144,0.8351412429378531,2025-12-06 16:20:41.234694,2025-12-06 16:20:42.184730,0 days 00:00:00.950036,0.9438384867220168,0.028988809997835423,10,51,0.6847843222000283,COMPLETE
145,0.8307156308851226,2025-12-06 16:20:42.184809,2025-12-06 16:20:44.387030,0 days 00:00:02.202221,0.504033698054963,0.036321550296783515,10,114,0.7365115706712799,COMPLETE
146,0.824030131826742,2025-12-06 16:20:44.387112,2025-12-06 16:20:46.039662,0 days 00:00:01.652550,0.9780896988066381,0.050784709227807076,10,101,0.7302749020254702,COMPLETE
147,0.8318455743879475,2025-12-06 16:20:46.039743,2025-12-06 16:20:47.538839,0 days 00:00:01.499096,0.9618557222168702,0.02379446434697663,9,80,0.7073551543199577,COMPLETE
148,0.8272693032015066,2025-12-06 16:20:47.538918,2025-12-06 16:20:49.075429,0 days 00:00:01.536511,0.9712566000531389,0.01051087156079827,10,92,0.6912391929812239,COMPLETE
149,0.8330320150659134,2025-12-06 16:20:49.075510,2025-12-06 16:20:50.614454,0 days 00:00:01.538944,0.9839441282814158,0.04414238130956011,10,84,0.6560561921379864,COMPLETE
